[debug] [2025-10-28T17:09:59.914Z] ----------------------------------------------------------------------
[debug] [2025-10-28T17:09:59.918Z] Command:       C:\Program Files\nodejs\node.exe C:\Users\kshor\AppData\Roaming\npm\node_modules\firebase-tools\lib\bin\firebase.js emulators:start --only functions
[debug] [2025-10-28T17:09:59.919Z] CLI Version:   14.7.0
[debug] [2025-10-28T17:09:59.919Z] Platform:      win32
[debug] [2025-10-28T17:09:59.919Z] Node Version:  v22.16.0
[debug] [2025-10-28T17:09:59.919Z] Time:          Tue Oct 28 2025 17:09:59 GMT+0000 (Greenwich Mean Time)
[debug] [2025-10-28T17:09:59.920Z] ----------------------------------------------------------------------
[debug] 
[debug] [2025-10-28T17:10:00.437Z] > command requires scopes: ["email","openid","https://www.googleapis.com/auth/cloudplatformprojects.readonly","https://www.googleapis.com/auth/firebase","https://www.googleapis.com/auth/cloud-platform"]
[debug] [2025-10-28T17:10:00.437Z] > authorizing via signed-in user (shortkalum@gmail.com)
[info] i  emulators: Starting emulators: functions {"metadata":{"emulator":{"name":"hub"},"message":"Starting emulators: functions"}}
[debug] [2025-10-28T17:10:00.462Z] [logging] Logging Emulator only supports listening on one address (127.0.0.1). Not listening on ::1
[debug] [2025-10-28T17:10:00.462Z] assigned listening specs for emulators {"user":{"hub":[{"address":"127.0.0.1","family":"IPv4","port":4400},{"address":"::1","family":"IPv6","port":4400}],"ui":[{"address":"127.0.0.1","family":"IPv4","port":4000},{"address":"::1","family":"IPv6","port":4000}],"logging":[{"address":"127.0.0.1","family":"IPv4","port":4500}]},"metadata":{"message":"assigned listening specs for emulators"}}
[debug] [2025-10-28T17:10:00.477Z] [hub] writing locator at C:\Users\kshor\AppData\Local\Temp\hub-player-ratings-ef06c.json
[debug] [2025-10-28T17:10:00.533Z] [functions] Functions Emulator only supports listening on one address (127.0.0.1). Not listening on ::1
[debug] [2025-10-28T17:10:00.533Z] [eventarc] Eventarc Emulator only supports listening on one address (127.0.0.1). Not listening on ::1
[debug] [2025-10-28T17:10:00.534Z] [tasks] Cloud Tasks Emulator only supports listening on one address (127.0.0.1). Not listening on ::1
[debug] [2025-10-28T17:10:00.534Z] late-assigned ports for functions and eventarc emulators {"user":{"hub":[{"address":"127.0.0.1","family":"IPv4","port":4400},{"address":"::1","family":"IPv6","port":4400}],"ui":[{"address":"127.0.0.1","family":"IPv4","port":4000},{"address":"::1","family":"IPv6","port":4000}],"logging":[{"address":"127.0.0.1","family":"IPv4","port":4500}],"functions":[{"address":"127.0.0.1","family":"IPv4","port":5001}],"eventarc":[{"address":"127.0.0.1","family":"IPv4","port":9299}],"tasks":[{"address":"127.0.0.1","family":"IPv4","port":9499}]},"metadata":{"message":"late-assigned ports for functions and eventarc emulators"}}
[warn] !  functions: The following emulators are not running, calls to these services from the Functions emulator will affect production: apphosting, auth, firestore, database, hosting, pubsub, storage, dataconnect {"metadata":{"emulator":{"name":"functions"},"message":"The following emulators are not running, calls to these services from the Functions emulator will affect production: \u001b[1mapphosting, auth, firestore, database, hosting, pubsub, storage, dataconnect\u001b[22m"}}
[debug] [2025-10-28T17:10:00.590Z] defaultcredentials: writing to file C:\Users\kshor\AppData\Roaming\firebase\shortkalum_gmail_com_application_default_credentials.json
[debug] [2025-10-28T17:10:00.602Z] Setting GAC to C:\Users\kshor\AppData\Roaming\firebase\shortkalum_gmail_com_application_default_credentials.json {"metadata":{"emulator":{"name":"functions"},"message":"Setting GAC to C:\\Users\\kshor\\AppData\\Roaming\\firebase\\shortkalum_gmail_com_application_default_credentials.json"}}
[debug] [2025-10-28T17:10:00.604Z] Checked if tokens are valid: false, expires at: 1761659903385
[debug] [2025-10-28T17:10:00.604Z] Checked if tokens are valid: false, expires at: 1761659903385
[debug] [2025-10-28T17:10:00.604Z] > refreshing access token with scopes: []
[debug] [2025-10-28T17:10:00.610Z] >>> [apiv2][query] POST https://www.googleapis.com/oauth2/v3/token [none]
[debug] [2025-10-28T17:10:00.610Z] >>> [apiv2][body] POST https://www.googleapis.com/oauth2/v3/token [omitted]
[debug] [2025-10-28T17:10:00.715Z] <<< [apiv2][status] POST https://www.googleapis.com/oauth2/v3/token 200
[debug] [2025-10-28T17:10:00.715Z] <<< [apiv2][body] POST https://www.googleapis.com/oauth2/v3/token [omitted]
[debug] [2025-10-28T17:10:00.763Z] >>> [apiv2][query] GET https://firebase.googleapis.com/v1beta1/projects/player-ratings-ef06c/adminSdkConfig [none]
[debug] [2025-10-28T17:10:01.276Z] <<< [apiv2][status] GET https://firebase.googleapis.com/v1beta1/projects/player-ratings-ef06c/adminSdkConfig 200
[debug] [2025-10-28T17:10:01.277Z] <<< [apiv2][body] GET https://firebase.googleapis.com/v1beta1/projects/player-ratings-ef06c/adminSdkConfig {"projectId":"player-ratings-ef06c","storageBucket":"player-ratings-ef06c.firebasestorage.app"}
[info] i  functions: Watching "C:\Users\kshor\Documents\Websites\player_ratings\player-ratings\functions" for Cloud Functions... {"metadata":{"emulator":{"name":"functions"},"message":"Watching \"C:\\Users\\kshor\\Documents\\Websites\\player_ratings\\player-ratings\\functions\" for Cloud Functions..."}}
[debug] [2025-10-28T17:10:01.386Z] Validating nodejs source
[warn] !  functions: package.json indicates an outdated version of firebase-functions. Please upgrade using npm install --save firebase-functions@latest in your functions directory. 
[debug] [2025-10-28T17:10:06.001Z] > [functions] package.json contents: {
  "name": "functions",
  "description": "Cloud Functions for Firebase",
  "scripts": {
    "lint": "eslint .",
    "serve": "firebase emulators:start --only functions",
    "shell": "firebase functions:shell",
    "start": "npm run shell",
    "deploy": "firebase deploy --only functions",
    "logs": "firebase functions:log"
  },
  "engines": {
    "node": "22"
  },
  "main": "index.js",
  "dependencies": {
    "axios": "^1.7.9",
    "firebase-admin": "^12.6.0",
    "firebase-functions": "^6.0.1"
  },
  "devDependencies": {
    "eslint": "^8.15.0",
    "eslint-config-google": "^0.14.0",
    "firebase-functions-test": "^3.1.0"
  },
  "private": true
}
[debug] [2025-10-28T17:10:06.002Z] Building nodejs source
[debug] [2025-10-28T17:10:06.002Z] Failed to find version of module node: reached end of search path C:\Users\kshor\Documents\Websites\player_ratings\player-ratings\functions\node_modules
[info] +  functions: Using node@22 from host. 
[debug] [2025-10-28T17:10:06.006Z] Could not find functions.yaml. Must use http discovery
[debug] [2025-10-28T17:10:06.029Z] Found firebase-functions binary at 'C:\Users\kshor\Documents\Websites\player_ratings\player-ratings\functions\node_modules\.bin\firebase-functions'
[info] Serving at port 8294

[debug] [2025-10-28T17:10:11.232Z] Got response from /__/functions.yaml {"endpoints":{"createUserDoc":{"availableMemoryMb":null,"timeoutSeconds":null,"minInstances":null,"maxInstances":null,"ingressSettings":null,"concurrency":null,"serviceAccountEmail":null,"vpc":null,"platform":"gcfv2","labels":{},"callableTrigger":{},"entryPoint":"createUserDoc"},"addUserToGroup":{"availableMemoryMb":null,"timeoutSeconds":null,"minInstances":null,"maxInstances":null,"ingressSettings":null,"concurrency":null,"serviceAccountEmail":null,"vpc":null,"platform":"gcfv2","labels":{},"callableTrigger":{},"entryPoint":"addUserToGroup"},"removeUserFromGroup":{"availableMemoryMb":null,"timeoutSeconds":null,"minInstances":null,"maxInstances":null,"ingressSettings":null,"concurrency":null,"serviceAccountEmail":null,"vpc":null,"platform":"gcfv2","labels":{},"callableTrigger":{},"entryPoint":"removeUserFromGroup"},"updateFixtures":{"availableMemoryMb":512,"timeoutSeconds":240,"minInstances":null,"maxInstances":null,"ingressSettings":null,"concurrency":null,"serviceAccountEmail":null,"vpc":null,"platform":"gcfv2","labels":{},"scheduleTrigger":{"schedule":"every day 00:00","retryConfig":{}},"entryPoint":"updateFixtures"},"scheduledLatestTeamDataFetch":{"availableMemoryMb":null,"timeoutSeconds":null,"minInstances":null,"maxInstances":null,"ingressSettings":null,"concurrency":null,"serviceAccountEmail":null,"vpc":null,"platform":"gcfv2","labels":{},"scheduleTrigger":{"schedule":"every 1 minutes","retryConfig":{"retryCount":null,"maxDoublings":null,"maxRetrySeconds":null,"minBackoffSeconds":null,"maxBackoffSeconds":null},"timeZone":null},"entryPoint":"scheduledLatestTeamDataFetch"}},"specVersion":"v1alpha1","requiredAPIs":[{"api":"cloudscheduler.googleapis.com","reason":"Needed for scheduled functions."}],"extensions":{}}
[info] +  functions: Loaded functions definitions from source: createUserDoc, addUserToGroup, removeUserFromGroup, updateFixtures, scheduledLatestTeamDataFetch. {"metadata":{"emulator":{"name":"functions"},"message":"Loaded functions definitions from source: createUserDoc, addUserToGroup, removeUserFromGroup, updateFixtures, scheduledLatestTeamDataFetch."}}
[info] +  functions[us-central1-createUserDoc]: http function initialized (http://127.0.0.1:5001/player-ratings-ef06c/us-central1/createUserDoc). {"metadata":{"emulator":{"name":"functions"},"message":"\u001b[1mhttp\u001b[22m function initialized (http://127.0.0.1:5001/player-ratings-ef06c/us-central1/createUserDoc)."}}
[info] +  functions[us-central1-addUserToGroup]: http function initialized (http://127.0.0.1:5001/player-ratings-ef06c/us-central1/addUserToGroup). {"metadata":{"emulator":{"name":"functions"},"message":"\u001b[1mhttp\u001b[22m function initialized (http://127.0.0.1:5001/player-ratings-ef06c/us-central1/addUserToGroup)."}}
[info] +  functions[us-central1-removeUserFromGroup]: http function initialized (http://127.0.0.1:5001/player-ratings-ef06c/us-central1/removeUserFromGroup). {"metadata":{"emulator":{"name":"functions"},"message":"\u001b[1mhttp\u001b[22m function initialized (http://127.0.0.1:5001/player-ratings-ef06c/us-central1/removeUserFromGroup)."}}
[info] i  functions[us-central1-updateFixtures]: function ignored because the pubsub emulator does not exist or is not running. {"metadata":{"emulator":{"name":"functions"},"message":"function ignored because the pubsub emulator does not exist or is not running."}}
[info] i  functions[us-central1-scheduledLatestTeamDataFetch]: function ignored because the pubsub emulator does not exist or is not running. {"metadata":{"emulator":{"name":"functions"},"message":"function ignored because the pubsub emulator does not exist or is not running."}}
[debug] [2025-10-28T17:10:15.416Z] Could not find VSCode notification endpoint: FetchError: request to http://localhost:40001/vscode/notify failed, reason: . If you are not running the Firebase Data Connect VSCode extension, this is expected and not an issue.
[info] 
┌─────────────────────────────────────────────────────────────┐
│ ✔  All emulators ready! It is now safe to connect your app. │
│ i  View Emulator UI at http://127.0.0.1:4000/               │
└─────────────────────────────────────────────────────────────┘

┌───────────┬────────────────┬─────────────────────────────────┐
│ Emulator  │ Host:Port      │ View in Emulator UI             │
├───────────┼────────────────┼─────────────────────────────────┤
│ Functions │ 127.0.0.1:5001 │ http://127.0.0.1:4000/functions │
└───────────┴────────────────┴─────────────────────────────────┘
  Emulator Hub host: 127.0.0.1 port: 4400
  Other reserved ports: 4500

Issues? Report them at https://github.com/firebase/firebase-tools/issues and attach the *-debug.log files.
 
[debug] [2025-10-28T17:13:10.901Z] [work-queue] {"queuedWork":["/player-ratings-ef06c/us-central1/createUserDoc-2025-10-28T17:13:10.901Z"],"queueLength":1,"runningWork":[],"workRunningCount":0}
[debug] [2025-10-28T17:13:10.903Z] [work-queue] {"queuedWork":[],"queueLength":0,"runningWork":["/player-ratings-ef06c/us-central1/createUserDoc-2025-10-28T17:13:10.901Z"],"workRunningCount":1}
[debug] [2025-10-28T17:13:10.904Z] Accepted request OPTIONS /player-ratings-ef06c/us-central1/createUserDoc --> us-central1-createUserDoc
[debug] [2025-10-28T17:13:10.910Z] [functions] Runtime ready! Sending request! {"metadata":{"emulator":{"name":"functions"},"message":"[functions] Runtime ready! Sending request!"}}
[debug] [2025-10-28T17:13:10.912Z] [functions] Got req.url=/player-ratings-ef06c/us-central1/createUserDoc, mapping to path=/ {"metadata":{"emulator":{"name":"functions"},"message":"[functions] Got req.url=/player-ratings-ef06c/us-central1/createUserDoc, mapping to path=/"}}
[debug] [2025-10-28T17:13:10.952Z] [worker-pool] addWorker(us-central1-createUserDoc) {"metadata":{"emulator":{"name":"functions"},"message":"[worker-pool] addWorker(us-central1-createUserDoc)"}}
[debug] [2025-10-28T17:13:10.954Z] [worker-pool] Adding worker with key us-central1-createUserDoc, total=1 {"metadata":{"emulator":{"name":"functions"},"message":"[worker-pool] Adding worker with key us-central1-createUserDoc, total=1"}}
[debug] [2025-10-28T17:13:13.025Z] [runtime-status] [2704] Resolved module firebase-admin {"declared":true,"installed":true,"version":"12.7.0","resolution":"C:\\Users\\kshor\\Documents\\Websites\\player_ratings\\player-ratings\\functions\\node_modules\\firebase-admin\\lib\\index.js"} {"metadata":{"emulator":{"name":"functions"},"function":{"name":"us-central1-createUserDoc"},"extension":{},"message":"[runtime-status] [2704] Resolved module firebase-admin {\"declared\":true,\"installed\":true,\"version\":\"12.7.0\",\"resolution\":\"C:\\\\Users\\\\kshor\\\\Documents\\\\Websites\\\\player_ratings\\\\player-ratings\\\\functions\\\\node_modules\\\\firebase-admin\\\\lib\\\\index.js\"}"}}
[debug] [2025-10-28T17:13:13.027Z] [runtime-status] [2704] Resolved module firebase-functions {"declared":true,"installed":true,"version":"6.1.2","resolution":"C:\\Users\\kshor\\Documents\\Websites\\player_ratings\\player-ratings\\functions\\node_modules\\firebase-functions\\lib\\v2\\index.js"} {"metadata":{"emulator":{"name":"functions"},"function":{"name":"us-central1-createUserDoc"},"extension":{},"message":"[runtime-status] [2704] Resolved module firebase-functions {\"declared\":true,\"installed\":true,\"version\":\"6.1.2\",\"resolution\":\"C:\\\\Users\\\\kshor\\\\Documents\\\\Websites\\\\player_ratings\\\\player-ratings\\\\functions\\\\node_modules\\\\firebase-functions\\\\lib\\\\v2\\\\index.js\"}"}}
[debug] [2025-10-28T17:13:13.028Z] [runtime-status] [2704] Outgoing network have been stubbed. [{"name":"http","status":"mocked"},{"name":"http","status":"mocked"},{"name":"https","status":"mocked"},{"name":"https","status":"mocked"},{"name":"net","status":"mocked"}] {"metadata":{"emulator":{"name":"functions"},"function":{"name":"us-central1-createUserDoc"},"extension":{},"message":"[runtime-status] [2704] Outgoing network have been stubbed. [{\"name\":\"http\",\"status\":\"mocked\"},{\"name\":\"http\",\"status\":\"mocked\"},{\"name\":\"https\",\"status\":\"mocked\"},{\"name\":\"https\",\"status\":\"mocked\"},{\"name\":\"net\",\"status\":\"mocked\"}]"}}
[debug] [2025-10-28T17:13:13.029Z] [runtime-status] [2704] Resolved module firebase-functions {"declared":true,"installed":true,"version":"6.1.2","resolution":"C:\\Users\\kshor\\Documents\\Websites\\player_ratings\\player-ratings\\functions\\node_modules\\firebase-functions\\lib\\v2\\index.js"} {"metadata":{"emulator":{"name":"functions"},"function":{"name":"us-central1-createUserDoc"},"extension":{},"message":"[runtime-status] [2704] Resolved module firebase-functions {\"declared\":true,\"installed\":true,\"version\":\"6.1.2\",\"resolution\":\"C:\\\\Users\\\\kshor\\\\Documents\\\\Websites\\\\player_ratings\\\\player-ratings\\\\functions\\\\node_modules\\\\firebase-functions\\\\lib\\\\v2\\\\index.js\"}"}}
[debug] [2025-10-28T17:13:13.877Z] [runtime-status] [2704] Checked functions.config() {"config":{}} {"metadata":{"emulator":{"name":"functions"},"function":{"name":"us-central1-createUserDoc"},"extension":{},"message":"[runtime-status] [2704] Checked functions.config() {\"config\":{}}"}}
[debug] [2025-10-28T17:13:13.877Z] [runtime-status] [2704] firebase-functions has been stubbed. {"functionsResolution":{"declared":true,"installed":true,"version":"6.1.2","resolution":"C:\\Users\\kshor\\Documents\\Websites\\player_ratings\\player-ratings\\functions\\node_modules\\firebase-functions\\lib\\v2\\index.js"}} {"metadata":{"emulator":{"name":"functions"},"function":{"name":"us-central1-createUserDoc"},"extension":{},"message":"[runtime-status] [2704] firebase-functions has been stubbed. {\"functionsResolution\":{\"declared\":true,\"installed\":true,\"version\":\"6.1.2\",\"resolution\":\"C:\\\\Users\\\\kshor\\\\Documents\\\\Websites\\\\player_ratings\\\\player-ratings\\\\functions\\\\node_modules\\\\firebase-functions\\\\lib\\\\v2\\\\index.js\"}}"}}
[debug] [2025-10-28T17:13:13.879Z] [runtime-status] [2704] Resolved module firebase-functions {"declared":true,"installed":true,"version":"6.1.2","resolution":"C:\\Users\\kshor\\Documents\\Websites\\player_ratings\\player-ratings\\functions\\node_modules\\firebase-functions\\lib\\v2\\index.js"} {"metadata":{"emulator":{"name":"functions"},"function":{"name":"us-central1-createUserDoc"},"extension":{},"message":"[runtime-status] [2704] Resolved module firebase-functions {\"declared\":true,\"installed\":true,\"version\":\"6.1.2\",\"resolution\":\"C:\\\\Users\\\\kshor\\\\Documents\\\\Websites\\\\player_ratings\\\\player-ratings\\\\functions\\\\node_modules\\\\firebase-functions\\\\lib\\\\v2\\\\index.js\"}"}}
[debug] [2025-10-28T17:13:13.898Z] [runtime-status] [2704] Resolved module firebase-admin {"declared":true,"installed":true,"version":"12.7.0","resolution":"C:\\Users\\kshor\\Documents\\Websites\\player_ratings\\player-ratings\\functions\\node_modules\\firebase-admin\\lib\\index.js"} {"metadata":{"emulator":{"name":"functions"},"function":{"name":"us-central1-createUserDoc"},"extension":{},"message":"[runtime-status] [2704] Resolved module firebase-admin {\"declared\":true,\"installed\":true,\"version\":\"12.7.0\",\"resolution\":\"C:\\\\Users\\\\kshor\\\\Documents\\\\Websites\\\\player_ratings\\\\player-ratings\\\\functions\\\\node_modules\\\\firebase-admin\\\\lib\\\\index.js\"}"}}
[debug] [2025-10-28T17:13:13.905Z] [runtime-status] [2704] Resolved module firebase-functions {"declared":true,"installed":true,"version":"6.1.2","resolution":"C:\\Users\\kshor\\Documents\\Websites\\player_ratings\\player-ratings\\functions\\node_modules\\firebase-functions\\lib\\v2\\index.js"} {"metadata":{"emulator":{"name":"functions"},"function":{"name":"us-central1-createUserDoc"},"extension":{},"message":"[runtime-status] [2704] Resolved module firebase-functions {\"declared\":true,\"installed\":true,\"version\":\"6.1.2\",\"resolution\":\"C:\\\\Users\\\\kshor\\\\Documents\\\\Websites\\\\player_ratings\\\\player-ratings\\\\functions\\\\node_modules\\\\firebase-functions\\\\lib\\\\v2\\\\index.js\"}"}}
[debug] [2025-10-28T17:13:13.905Z] [runtime-status] [2704] firebase-admin has been stubbed. {"adminResolution":{"declared":true,"installed":true,"version":"12.7.0","resolution":"C:\\Users\\kshor\\Documents\\Websites\\player_ratings\\player-ratings\\functions\\node_modules\\firebase-admin\\lib\\index.js"}} {"metadata":{"emulator":{"name":"functions"},"function":{"name":"us-central1-createUserDoc"},"extension":{},"message":"[runtime-status] [2704] firebase-admin has been stubbed. {\"adminResolution\":{\"declared\":true,\"installed\":true,\"version\":\"12.7.0\",\"resolution\":\"C:\\\\Users\\\\kshor\\\\Documents\\\\Websites\\\\player_ratings\\\\player-ratings\\\\functions\\\\node_modules\\\\firebase-admin\\\\lib\\\\index.js\"}}"}}
[debug] [2025-10-28T17:13:13.985Z] [runtime-status] [2704] Functions runtime initialized. {"cwd":"C:\\Users\\kshor\\Documents\\Websites\\player_ratings\\player-ratings\\functions","node_version":"22.16.0"} {"metadata":{"emulator":{"name":"functions"},"function":{"name":"us-central1-createUserDoc"},"extension":{},"message":"[runtime-status] [2704] Functions runtime initialized. {\"cwd\":\"C:\\\\Users\\\\kshor\\\\Documents\\\\Websites\\\\player_ratings\\\\player-ratings\\\\functions\",\"node_version\":\"22.16.0\"}"}}
[debug] [2025-10-28T17:13:13.985Z] [runtime-status] [2704] Listening to port: \\?\pipe\fire_emu_ffba3773e64920b8 {"metadata":{"emulator":{"name":"functions"},"function":{"name":"us-central1-createUserDoc"},"extension":{},"message":"[runtime-status] [2704] Listening to port: \\\\?\\pipe\\fire_emu_ffba3773e64920b8"}}
[debug] [2025-10-28T17:13:14.052Z] [worker-us-central1-createUserDoc-b38f8a5c-046c-465b-9781-e6bf79f47876]: IDLE {"metadata":{"emulator":{"name":"functions"},"function":{"name":"us-central1-createUserDoc"},"extension":{},"message":"[worker-us-central1-createUserDoc-b38f8a5c-046c-465b-9781-e6bf79f47876]: IDLE"}}
[debug] [2025-10-28T17:13:14.052Z] [worker-pool] submitRequest(triggerId=us-central1-createUserDoc) {"metadata":{"emulator":{"name":"functions"},"message":"[worker-pool] submitRequest(triggerId=us-central1-createUserDoc)"}}
[info] i  functions: Beginning execution of "us-central1-createUserDoc" {"metadata":{"emulator":{"name":"functions"},"function":{"name":"us-central1-createUserDoc"},"extension":{},"message":"Beginning execution of \"us-central1-createUserDoc\""}}
[debug] [2025-10-28T17:13:14.053Z] [worker-us-central1-createUserDoc-b38f8a5c-046c-465b-9781-e6bf79f47876]: BUSY {"metadata":{"emulator":{"name":"functions"},"function":{"name":"us-central1-createUserDoc"},"extension":{},"message":"[worker-us-central1-createUserDoc-b38f8a5c-046c-465b-9781-e6bf79f47876]: BUSY"}}
[debug] [2025-10-28T17:13:14.061Z] Finishing up request with event=pause {"metadata":{"emulator":{"name":"functions"},"function":{"name":"us-central1-createUserDoc"},"extension":{},"message":"Finishing up request with event=pause"}}
[info] i  functions: Finished "us-central1-createUserDoc" in 8.026ms {"metadata":{"emulator":{"name":"functions"},"function":{"name":"us-central1-createUserDoc"},"extension":{},"message":"Finished \"us-central1-createUserDoc\" in 8.026ms"}}
[debug] [2025-10-28T17:13:14.062Z] [worker-us-central1-createUserDoc-b38f8a5c-046c-465b-9781-e6bf79f47876]: IDLE {"metadata":{"emulator":{"name":"functions"},"function":{"name":"us-central1-createUserDoc"},"extension":{},"message":"[worker-us-central1-createUserDoc-b38f8a5c-046c-465b-9781-e6bf79f47876]: IDLE"}}
[debug] [2025-10-28T17:13:14.062Z] Finishing up request with event=finish {"metadata":{"emulator":{"name":"functions"},"function":{"name":"us-central1-createUserDoc"},"extension":{},"message":"Finishing up request with event=finish"}}
[debug] [2025-10-28T17:13:14.063Z] Finishing up request with event=close {"metadata":{"emulator":{"name":"functions"},"function":{"name":"us-central1-createUserDoc"},"extension":{},"message":"Finishing up request with event=close"}}
[debug] [2025-10-28T17:13:14.063Z] [work-queue] {"queuedWork":[],"queueLength":0,"runningWork":[],"workRunningCount":0}
[debug] [2025-10-28T17:13:14.066Z] [work-queue] {"queuedWork":["/player-ratings-ef06c/us-central1/createUserDoc-2025-10-28T17:13:14.066Z"],"queueLength":1,"runningWork":[],"workRunningCount":0}
[debug] [2025-10-28T17:13:14.066Z] [work-queue] {"queuedWork":[],"queueLength":0,"runningWork":["/player-ratings-ef06c/us-central1/createUserDoc-2025-10-28T17:13:14.066Z"],"workRunningCount":1}
[debug] [2025-10-28T17:13:14.066Z] Accepted request POST /player-ratings-ef06c/us-central1/createUserDoc --> us-central1-createUserDoc
[debug] [2025-10-28T17:13:14.068Z] [functions] Runtime ready! Sending request! {"metadata":{"emulator":{"name":"functions"},"message":"[functions] Runtime ready! Sending request!"}}
[debug] [2025-10-28T17:13:14.068Z] [functions] Got req.url=/player-ratings-ef06c/us-central1/createUserDoc, mapping to path=/ {"metadata":{"emulator":{"name":"functions"},"message":"[functions] Got req.url=/player-ratings-ef06c/us-central1/createUserDoc, mapping to path=/"}}
[debug] [2025-10-28T17:13:14.068Z] [worker-pool] submitRequest(triggerId=us-central1-createUserDoc) {"metadata":{"emulator":{"name":"functions"},"message":"[worker-pool] submitRequest(triggerId=us-central1-createUserDoc)"}}
[info] i  functions: Beginning execution of "us-central1-createUserDoc" {"metadata":{"emulator":{"name":"functions"},"function":{"name":"us-central1-createUserDoc"},"extension":{},"message":"Beginning execution of \"us-central1-createUserDoc\""}}
[debug] [2025-10-28T17:13:14.069Z] [worker-us-central1-createUserDoc-b38f8a5c-046c-465b-9781-e6bf79f47876]: BUSY {"metadata":{"emulator":{"name":"functions"},"function":{"name":"us-central1-createUserDoc"},"extension":{},"message":"[worker-us-central1-createUserDoc-b38f8a5c-046c-465b-9781-e6bf79f47876]: BUSY"}}
[info] >  {"verifications":{"app":"MISSING","auth":"VALID"},"logging.googleapis.com/labels":{"firebase-log-type":"callable-request-verification"},"severity":"DEBUG","message":"Callable request verification passed"} {"user":{"verifications":{"app":"MISSING","auth":"VALID"},"logging.googleapis.com/labels":{"firebase-log-type":"callable-request-verification"},"severity":"DEBUG","message":"Callable request verification passed"},"metadata":{"emulator":{"name":"functions"},"function":{"name":"us-central1-createUserDoc"},"extension":{},"message":"\u001b[90m> \u001b[39m {\"verifications\":{\"app\":\"MISSING\",\"auth\":\"VALID\"},\"logging.googleapis.com/labels\":{\"firebase-log-type\":\"callable-request-verification\"},\"severity\":\"DEBUG\",\"message\":\"Callable request verification passed\"}"}}
[warn] !  Google API requested!
   - URL: "https://oauth2.googleapis.com/token"
   - Be careful, this may be a production service. {"metadata":{"emulator":{"name":"functions"},"function":{"name":"us-central1-createUserDoc"},"extension":{},"message":"Google API requested!\n   - URL: \"https://oauth2.googleapis.com/token\"\n   - Be careful, this may be a production service."}}
[debug] [2025-10-28T17:13:15.169Z] Finishing up request with event=pause {"metadata":{"emulator":{"name":"functions"},"function":{"name":"us-central1-createUserDoc"},"extension":{},"message":"Finishing up request with event=pause"}}
[info] i  functions: Finished "us-central1-createUserDoc" in 1100.899ms {"metadata":{"emulator":{"name":"functions"},"function":{"name":"us-central1-createUserDoc"},"extension":{},"message":"Finished \"us-central1-createUserDoc\" in 1100.899ms"}}
[debug] [2025-10-28T17:13:15.170Z] [worker-us-central1-createUserDoc-b38f8a5c-046c-465b-9781-e6bf79f47876]: IDLE {"metadata":{"emulator":{"name":"functions"},"function":{"name":"us-central1-createUserDoc"},"extension":{},"message":"[worker-us-central1-createUserDoc-b38f8a5c-046c-465b-9781-e6bf79f47876]: IDLE"}}
[debug] [2025-10-28T17:13:15.171Z] Finishing up request with event=finish {"metadata":{"emulator":{"name":"functions"},"function":{"name":"us-central1-createUserDoc"},"extension":{},"message":"Finishing up request with event=finish"}}
[debug] [2025-10-28T17:13:15.171Z] Finishing up request with event=close {"metadata":{"emulator":{"name":"functions"},"function":{"name":"us-central1-createUserDoc"},"extension":{},"message":"Finishing up request with event=close"}}
[debug] [2025-10-28T17:13:15.171Z] [work-queue] {"queuedWork":[],"queueLength":0,"runningWork":[],"workRunningCount":0}
[debug] [2025-10-28T17:23:20.525Z] [work-queue] {"queuedWork":["/player-ratings-ef06c/us-central1/addUserToGroup-2025-10-28T17:23:20.525Z"],"queueLength":1,"runningWork":[],"workRunningCount":0}
[debug] [2025-10-28T17:23:20.527Z] [work-queue] {"queuedWork":[],"queueLength":0,"runningWork":["/player-ratings-ef06c/us-central1/addUserToGroup-2025-10-28T17:23:20.525Z"],"workRunningCount":1}
[debug] [2025-10-28T17:23:20.527Z] Accepted request OPTIONS /player-ratings-ef06c/us-central1/addUserToGroup --> us-central1-addUserToGroup
[debug] [2025-10-28T17:23:20.539Z] [functions] Runtime ready! Sending request! {"metadata":{"emulator":{"name":"functions"},"message":"[functions] Runtime ready! Sending request!"}}
[debug] [2025-10-28T17:23:20.540Z] [functions] Got req.url=/player-ratings-ef06c/us-central1/addUserToGroup, mapping to path=/ {"metadata":{"emulator":{"name":"functions"},"message":"[functions] Got req.url=/player-ratings-ef06c/us-central1/addUserToGroup, mapping to path=/"}}
[debug] [2025-10-28T17:23:20.588Z] [worker-pool] addWorker(us-central1-addUserToGroup) {"metadata":{"emulator":{"name":"functions"},"message":"[worker-pool] addWorker(us-central1-addUserToGroup)"}}
[debug] [2025-10-28T17:23:20.589Z] [worker-pool] Adding worker with key us-central1-addUserToGroup, total=1 {"metadata":{"emulator":{"name":"functions"},"message":"[worker-pool] Adding worker with key us-central1-addUserToGroup, total=1"}}
[debug] [2025-10-28T17:23:22.529Z] [runtime-status] [13784] Resolved module firebase-admin {"declared":true,"installed":true,"version":"12.7.0","resolution":"C:\\Users\\kshor\\Documents\\Websites\\player_ratings\\player-ratings\\functions\\node_modules\\firebase-admin\\lib\\index.js"} {"metadata":{"emulator":{"name":"functions"},"function":{"name":"us-central1-addUserToGroup"},"extension":{},"message":"[runtime-status] [13784] Resolved module firebase-admin {\"declared\":true,\"installed\":true,\"version\":\"12.7.0\",\"resolution\":\"C:\\\\Users\\\\kshor\\\\Documents\\\\Websites\\\\player_ratings\\\\player-ratings\\\\functions\\\\node_modules\\\\firebase-admin\\\\lib\\\\index.js\"}"}}
[debug] [2025-10-28T17:23:22.531Z] [runtime-status] [13784] Resolved module firebase-functions {"declared":true,"installed":true,"version":"6.1.2","resolution":"C:\\Users\\kshor\\Documents\\Websites\\player_ratings\\player-ratings\\functions\\node_modules\\firebase-functions\\lib\\v2\\index.js"} {"metadata":{"emulator":{"name":"functions"},"function":{"name":"us-central1-addUserToGroup"},"extension":{},"message":"[runtime-status] [13784] Resolved module firebase-functions {\"declared\":true,\"installed\":true,\"version\":\"6.1.2\",\"resolution\":\"C:\\\\Users\\\\kshor\\\\Documents\\\\Websites\\\\player_ratings\\\\player-ratings\\\\functions\\\\node_modules\\\\firebase-functions\\\\lib\\\\v2\\\\index.js\"}"}}
[debug] [2025-10-28T17:23:22.531Z] [runtime-status] [13784] Outgoing network have been stubbed. [{"name":"http","status":"mocked"},{"name":"http","status":"mocked"},{"name":"https","status":"mocked"},{"name":"https","status":"mocked"},{"name":"net","status":"mocked"}] {"metadata":{"emulator":{"name":"functions"},"function":{"name":"us-central1-addUserToGroup"},"extension":{},"message":"[runtime-status] [13784] Outgoing network have been stubbed. [{\"name\":\"http\",\"status\":\"mocked\"},{\"name\":\"http\",\"status\":\"mocked\"},{\"name\":\"https\",\"status\":\"mocked\"},{\"name\":\"https\",\"status\":\"mocked\"},{\"name\":\"net\",\"status\":\"mocked\"}]"}}
[debug] [2025-10-28T17:23:22.532Z] [runtime-status] [13784] Resolved module firebase-functions {"declared":true,"installed":true,"version":"6.1.2","resolution":"C:\\Users\\kshor\\Documents\\Websites\\player_ratings\\player-ratings\\functions\\node_modules\\firebase-functions\\lib\\v2\\index.js"} {"metadata":{"emulator":{"name":"functions"},"function":{"name":"us-central1-addUserToGroup"},"extension":{},"message":"[runtime-status] [13784] Resolved module firebase-functions {\"declared\":true,\"installed\":true,\"version\":\"6.1.2\",\"resolution\":\"C:\\\\Users\\\\kshor\\\\Documents\\\\Websites\\\\player_ratings\\\\player-ratings\\\\functions\\\\node_modules\\\\firebase-functions\\\\lib\\\\v2\\\\index.js\"}"}}
[debug] [2025-10-28T17:23:23.177Z] [runtime-status] [13784] Checked functions.config() {"config":{}} {"metadata":{"emulator":{"name":"functions"},"function":{"name":"us-central1-addUserToGroup"},"extension":{},"message":"[runtime-status] [13784] Checked functions.config() {\"config\":{}}"}}
[debug] [2025-10-28T17:23:23.178Z] [runtime-status] [13784] firebase-functions has been stubbed. {"functionsResolution":{"declared":true,"installed":true,"version":"6.1.2","resolution":"C:\\Users\\kshor\\Documents\\Websites\\player_ratings\\player-ratings\\functions\\node_modules\\firebase-functions\\lib\\v2\\index.js"}} {"metadata":{"emulator":{"name":"functions"},"function":{"name":"us-central1-addUserToGroup"},"extension":{},"message":"[runtime-status] [13784] firebase-functions has been stubbed. {\"functionsResolution\":{\"declared\":true,\"installed\":true,\"version\":\"6.1.2\",\"resolution\":\"C:\\\\Users\\\\kshor\\\\Documents\\\\Websites\\\\player_ratings\\\\player-ratings\\\\functions\\\\node_modules\\\\firebase-functions\\\\lib\\\\v2\\\\index.js\"}}"}}
[debug] [2025-10-28T17:23:23.181Z] [runtime-status] [13784] Resolved module firebase-functions {"declared":true,"installed":true,"version":"6.1.2","resolution":"C:\\Users\\kshor\\Documents\\Websites\\player_ratings\\player-ratings\\functions\\node_modules\\firebase-functions\\lib\\v2\\index.js"} {"metadata":{"emulator":{"name":"functions"},"function":{"name":"us-central1-addUserToGroup"},"extension":{},"message":"[runtime-status] [13784] Resolved module firebase-functions {\"declared\":true,\"installed\":true,\"version\":\"6.1.2\",\"resolution\":\"C:\\\\Users\\\\kshor\\\\Documents\\\\Websites\\\\player_ratings\\\\player-ratings\\\\functions\\\\node_modules\\\\firebase-functions\\\\lib\\\\v2\\\\index.js\"}"}}
[debug] [2025-10-28T17:23:23.189Z] [runtime-status] [13784] Resolved module firebase-admin {"declared":true,"installed":true,"version":"12.7.0","resolution":"C:\\Users\\kshor\\Documents\\Websites\\player_ratings\\player-ratings\\functions\\node_modules\\firebase-admin\\lib\\index.js"} {"metadata":{"emulator":{"name":"functions"},"function":{"name":"us-central1-addUserToGroup"},"extension":{},"message":"[runtime-status] [13784] Resolved module firebase-admin {\"declared\":true,\"installed\":true,\"version\":\"12.7.0\",\"resolution\":\"C:\\\\Users\\\\kshor\\\\Documents\\\\Websites\\\\player_ratings\\\\player-ratings\\\\functions\\\\node_modules\\\\firebase-admin\\\\lib\\\\index.js\"}"}}
[debug] [2025-10-28T17:23:23.193Z] [runtime-status] [13784] Resolved module firebase-functions {"declared":true,"installed":true,"version":"6.1.2","resolution":"C:\\Users\\kshor\\Documents\\Websites\\player_ratings\\player-ratings\\functions\\node_modules\\firebase-functions\\lib\\v2\\index.js"} {"metadata":{"emulator":{"name":"functions"},"function":{"name":"us-central1-addUserToGroup"},"extension":{},"message":"[runtime-status] [13784] Resolved module firebase-functions {\"declared\":true,\"installed\":true,\"version\":\"6.1.2\",\"resolution\":\"C:\\\\Users\\\\kshor\\\\Documents\\\\Websites\\\\player_ratings\\\\player-ratings\\\\functions\\\\node_modules\\\\firebase-functions\\\\lib\\\\v2\\\\index.js\"}"}}
[debug] [2025-10-28T17:23:23.194Z] [runtime-status] [13784] firebase-admin has been stubbed. {"adminResolution":{"declared":true,"installed":true,"version":"12.7.0","resolution":"C:\\Users\\kshor\\Documents\\Websites\\player_ratings\\player-ratings\\functions\\node_modules\\firebase-admin\\lib\\index.js"}} {"metadata":{"emulator":{"name":"functions"},"function":{"name":"us-central1-addUserToGroup"},"extension":{},"message":"[runtime-status] [13784] firebase-admin has been stubbed. {\"adminResolution\":{\"declared\":true,\"installed\":true,\"version\":\"12.7.0\",\"resolution\":\"C:\\\\Users\\\\kshor\\\\Documents\\\\Websites\\\\player_ratings\\\\player-ratings\\\\functions\\\\node_modules\\\\firebase-admin\\\\lib\\\\index.js\"}}"}}
[debug] [2025-10-28T17:23:23.241Z] [runtime-status] [13784] Functions runtime initialized. {"cwd":"C:\\Users\\kshor\\Documents\\Websites\\player_ratings\\player-ratings\\functions","node_version":"22.16.0"} {"metadata":{"emulator":{"name":"functions"},"function":{"name":"us-central1-addUserToGroup"},"extension":{},"message":"[runtime-status] [13784] Functions runtime initialized. {\"cwd\":\"C:\\\\Users\\\\kshor\\\\Documents\\\\Websites\\\\player_ratings\\\\player-ratings\\\\functions\",\"node_version\":\"22.16.0\"}"}}
[debug] [2025-10-28T17:23:23.241Z] [runtime-status] [13784] Listening to port: \\?\pipe\fire_emu_fb06afbb2536da98 {"metadata":{"emulator":{"name":"functions"},"function":{"name":"us-central1-addUserToGroup"},"extension":{},"message":"[runtime-status] [13784] Listening to port: \\\\?\\pipe\\fire_emu_fb06afbb2536da98"}}
[debug] [2025-10-28T17:23:23.326Z] [worker-us-central1-addUserToGroup-6fa5a204-89be-4ff7-a609-5561e049f100]: IDLE {"metadata":{"emulator":{"name":"functions"},"function":{"name":"us-central1-addUserToGroup"},"extension":{},"message":"[worker-us-central1-addUserToGroup-6fa5a204-89be-4ff7-a609-5561e049f100]: IDLE"}}
[debug] [2025-10-28T17:23:23.326Z] [worker-pool] submitRequest(triggerId=us-central1-addUserToGroup) {"metadata":{"emulator":{"name":"functions"},"message":"[worker-pool] submitRequest(triggerId=us-central1-addUserToGroup)"}}
[info] i  functions: Beginning execution of "us-central1-addUserToGroup" {"metadata":{"emulator":{"name":"functions"},"function":{"name":"us-central1-addUserToGroup"},"extension":{},"message":"Beginning execution of \"us-central1-addUserToGroup\""}}
[debug] [2025-10-28T17:23:23.327Z] [worker-us-central1-addUserToGroup-6fa5a204-89be-4ff7-a609-5561e049f100]: BUSY {"metadata":{"emulator":{"name":"functions"},"function":{"name":"us-central1-addUserToGroup"},"extension":{},"message":"[worker-us-central1-addUserToGroup-6fa5a204-89be-4ff7-a609-5561e049f100]: BUSY"}}
[debug] [2025-10-28T17:23:23.337Z] Finishing up request with event=pause {"metadata":{"emulator":{"name":"functions"},"function":{"name":"us-central1-addUserToGroup"},"extension":{},"message":"Finishing up request with event=pause"}}
[info] i  functions: Finished "us-central1-addUserToGroup" in 9.9369ms {"metadata":{"emulator":{"name":"functions"},"function":{"name":"us-central1-addUserToGroup"},"extension":{},"message":"Finished \"us-central1-addUserToGroup\" in 9.9369ms"}}
[debug] [2025-10-28T17:23:23.339Z] [worker-us-central1-addUserToGroup-6fa5a204-89be-4ff7-a609-5561e049f100]: IDLE {"metadata":{"emulator":{"name":"functions"},"function":{"name":"us-central1-addUserToGroup"},"extension":{},"message":"[worker-us-central1-addUserToGroup-6fa5a204-89be-4ff7-a609-5561e049f100]: IDLE"}}
[debug] [2025-10-28T17:23:23.339Z] Finishing up request with event=finish {"metadata":{"emulator":{"name":"functions"},"function":{"name":"us-central1-addUserToGroup"},"extension":{},"message":"Finishing up request with event=finish"}}
[debug] [2025-10-28T17:23:23.339Z] Finishing up request with event=close {"metadata":{"emulator":{"name":"functions"},"function":{"name":"us-central1-addUserToGroup"},"extension":{},"message":"Finishing up request with event=close"}}
[debug] [2025-10-28T17:23:23.339Z] [work-queue] {"queuedWork":[],"queueLength":0,"runningWork":[],"workRunningCount":0}
[debug] [2025-10-28T17:23:23.342Z] [work-queue] {"queuedWork":["/player-ratings-ef06c/us-central1/addUserToGroup-2025-10-28T17:23:23.342Z"],"queueLength":1,"runningWork":[],"workRunningCount":0}
[debug] [2025-10-28T17:23:23.342Z] [work-queue] {"queuedWork":[],"queueLength":0,"runningWork":["/player-ratings-ef06c/us-central1/addUserToGroup-2025-10-28T17:23:23.342Z"],"workRunningCount":1}
[debug] [2025-10-28T17:23:23.343Z] Accepted request POST /player-ratings-ef06c/us-central1/addUserToGroup --> us-central1-addUserToGroup
[debug] [2025-10-28T17:23:23.344Z] [functions] Runtime ready! Sending request! {"metadata":{"emulator":{"name":"functions"},"message":"[functions] Runtime ready! Sending request!"}}
[debug] [2025-10-28T17:23:23.344Z] [functions] Got req.url=/player-ratings-ef06c/us-central1/addUserToGroup, mapping to path=/ {"metadata":{"emulator":{"name":"functions"},"message":"[functions] Got req.url=/player-ratings-ef06c/us-central1/addUserToGroup, mapping to path=/"}}
[debug] [2025-10-28T17:23:23.344Z] [worker-pool] submitRequest(triggerId=us-central1-addUserToGroup) {"metadata":{"emulator":{"name":"functions"},"message":"[worker-pool] submitRequest(triggerId=us-central1-addUserToGroup)"}}
[info] i  functions: Beginning execution of "us-central1-addUserToGroup" {"metadata":{"emulator":{"name":"functions"},"function":{"name":"us-central1-addUserToGroup"},"extension":{},"message":"Beginning execution of \"us-central1-addUserToGroup\""}}
[debug] [2025-10-28T17:23:23.346Z] [worker-us-central1-addUserToGroup-6fa5a204-89be-4ff7-a609-5561e049f100]: BUSY {"metadata":{"emulator":{"name":"functions"},"function":{"name":"us-central1-addUserToGroup"},"extension":{},"message":"[worker-us-central1-addUserToGroup-6fa5a204-89be-4ff7-a609-5561e049f100]: BUSY"}}
[info] >  {"verifications":{"app":"MISSING","auth":"VALID"},"logging.googleapis.com/labels":{"firebase-log-type":"callable-request-verification"},"severity":"DEBUG","message":"Callable request verification passed"} {"user":{"verifications":{"app":"MISSING","auth":"VALID"},"logging.googleapis.com/labels":{"firebase-log-type":"callable-request-verification"},"severity":"DEBUG","message":"Callable request verification passed"},"metadata":{"emulator":{"name":"functions"},"function":{"name":"us-central1-addUserToGroup"},"extension":{},"message":"\u001b[90m> \u001b[39m {\"verifications\":{\"app\":\"MISSING\",\"auth\":\"VALID\"},\"logging.googleapis.com/labels\":{\"firebase-log-type\":\"callable-request-verification\"},\"severity\":\"DEBUG\",\"message\":\"Callable request verification passed\"}"}}
[info] >  1 {"user":1,"metadata":{"emulator":{"name":"functions"},"function":{"name":"us-central1-addUserToGroup"},"extension":{},"message":"\u001b[90m> \u001b[39m 1"}}
[info] >  groupRef DocumentReference { {"user":"groupRef DocumentReference {","metadata":{"emulator":{"name":"functions"},"function":{"name":"us-central1-addUserToGroup"},"extension":{},"message":"\u001b[90m> \u001b[39m groupRef DocumentReference {"}}
[info] >    _firestore: Firestore { {"user":"  _firestore: Firestore {","metadata":{"emulator":{"name":"functions"},"function":{"name":"us-central1-addUserToGroup"},"extension":{},"message":"\u001b[90m> \u001b[39m   _firestore: Firestore {"}}
[info] >      _settings: { {"user":"    _settings: {","metadata":{"emulator":{"name":"functions"},"function":{"name":"us-central1-addUserToGroup"},"extension":{},"message":"\u001b[90m> \u001b[39m     _settings: {"}}
[info] >        projectId: 'player-ratings-ef06c', {"user":"      projectId: 'player-ratings-ef06c',","metadata":{"emulator":{"name":"functions"},"function":{"name":"us-central1-addUserToGroup"},"extension":{},"message":"\u001b[90m> \u001b[39m       projectId: 'player-ratings-ef06c',"}}
[info] >        firebaseVersion: '12.7.0', {"user":"      firebaseVersion: '12.7.0',","metadata":{"emulator":{"name":"functions"},"function":{"name":"us-central1-addUserToGroup"},"extension":{},"message":"\u001b[90m> \u001b[39m       firebaseVersion: '12.7.0',"}}
[info] >        preferRest: undefined, {"user":"      preferRest: undefined,","metadata":{"emulator":{"name":"functions"},"function":{"name":"us-central1-addUserToGroup"},"extension":{},"message":"\u001b[90m> \u001b[39m       preferRest: undefined,"}}
[info] >        databaseId: '(default)', {"user":"      databaseId: '(default)',","metadata":{"emulator":{"name":"functions"},"function":{"name":"us-central1-addUserToGroup"},"extension":{},"message":"\u001b[90m> \u001b[39m       databaseId: '(default)',"}}
[info] >        libName: 'gccl', {"user":"      libName: 'gccl',","metadata":{"emulator":{"name":"functions"},"function":{"name":"us-central1-addUserToGroup"},"extension":{},"message":"\u001b[90m> \u001b[39m       libName: 'gccl',"}}
[info] >        libVersion: '7.11.0 fire/12.7.0', {"user":"      libVersion: '7.11.0 fire/12.7.0',","metadata":{"emulator":{"name":"functions"},"function":{"name":"us-central1-addUserToGroup"},"extension":{},"message":"\u001b[90m> \u001b[39m       libVersion: '7.11.0 fire/12.7.0',"}}
[info] >        toJSON: [Function (anonymous)] {"user":"      toJSON: [Function (anonymous)]","metadata":{"emulator":{"name":"functions"},"function":{"name":"us-central1-addUserToGroup"},"extension":{},"message":"\u001b[90m> \u001b[39m       toJSON: [Function (anonymous)]"}}
[info] >      }, {"user":"    },","metadata":{"emulator":{"name":"functions"},"function":{"name":"us-central1-addUserToGroup"},"extension":{},"message":"\u001b[90m> \u001b[39m     },"}}
[info] >      _settingsFrozen: false, {"user":"    _settingsFrozen: false,","metadata":{"emulator":{"name":"functions"},"function":{"name":"us-central1-addUserToGroup"},"extension":{},"message":"\u001b[90m> \u001b[39m     _settingsFrozen: false,"}}
[info] >      _serializer: Serializer { {"user":"    _serializer: Serializer {","metadata":{"emulator":{"name":"functions"},"function":{"name":"us-central1-addUserToGroup"},"extension":{},"message":"\u001b[90m> \u001b[39m     _serializer: Serializer {"}}
[info] >        createReference: [Function (anonymous)], {"user":"      createReference: [Function (anonymous)],","metadata":{"emulator":{"name":"functions"},"function":{"name":"us-central1-addUserToGroup"},"extension":{},"message":"\u001b[90m> \u001b[39m       createReference: [Function (anonymous)],"}}
[info] >        createInteger: [Function (anonymous)], {"user":"      createInteger: [Function (anonymous)],","metadata":{"emulator":{"name":"functions"},"function":{"name":"us-central1-addUserToGroup"},"extension":{},"message":"\u001b[90m> \u001b[39m       createInteger: [Function (anonymous)],"}}
[info] >        allowUndefined: false {"user":"      allowUndefined: false","metadata":{"emulator":{"name":"functions"},"function":{"name":"us-central1-addUserToGroup"},"extension":{},"message":"\u001b[90m> \u001b[39m       allowUndefined: false"}}
[info] >      }, {"user":"    },","metadata":{"emulator":{"name":"functions"},"function":{"name":"us-central1-addUserToGroup"},"extension":{},"message":"\u001b[90m> \u001b[39m     },"}}
[info] >      _projectId: 'player-ratings-ef06c', {"user":"    _projectId: 'player-ratings-ef06c',","metadata":{"emulator":{"name":"functions"},"function":{"name":"us-central1-addUserToGroup"},"extension":{},"message":"\u001b[90m> \u001b[39m     _projectId: 'player-ratings-ef06c',"}}
[info] >      _databaseId: '(default)', {"user":"    _databaseId: '(default)',","metadata":{"emulator":{"name":"functions"},"function":{"name":"us-central1-addUserToGroup"},"extension":{},"message":"\u001b[90m> \u001b[39m     _databaseId: '(default)',"}}
[info] >      registeredListenersCount: 0, {"user":"    registeredListenersCount: 0,","metadata":{"emulator":{"name":"functions"},"function":{"name":"us-central1-addUserToGroup"},"extension":{},"message":"\u001b[90m> \u001b[39m     registeredListenersCount: 0,"}}
[info] >      bulkWritersCount: 0, {"user":"    bulkWritersCount: 0,","metadata":{"emulator":{"name":"functions"},"function":{"name":"us-central1-addUserToGroup"},"extension":{},"message":"\u001b[90m> \u001b[39m     bulkWritersCount: 0,"}}
[info] >      _traceUtil: EnabledTraceUtil { {"user":"    _traceUtil: EnabledTraceUtil {","metadata":{"emulator":{"name":"functions"},"function":{"name":"us-central1-addUserToGroup"},"extension":{},"message":"\u001b[90m> \u001b[39m     _traceUtil: EnabledTraceUtil {"}}
[info] >        tracerProvider: ProxyTracerProvider {}, {"user":"      tracerProvider: ProxyTracerProvider {},","metadata":{"emulator":{"name":"functions"},"function":{"name":"us-central1-addUserToGroup"},"extension":{},"message":"\u001b[90m> \u001b[39m       tracerProvider: ProxyTracerProvider {},"}}
[info] >        tracer: [ProxyTracer], {"user":"      tracer: [ProxyTracer],","metadata":{"emulator":{"name":"functions"},"function":{"name":"us-central1-addUserToGroup"},"extension":{},"message":"\u001b[90m> \u001b[39m       tracer: [ProxyTracer],"}}
[info] >        settingsAttributes: [Object] {"user":"      settingsAttributes: [Object]","metadata":{"emulator":{"name":"functions"},"function":{"name":"us-central1-addUserToGroup"},"extension":{},"message":"\u001b[90m> \u001b[39m       settingsAttributes: [Object]"}}
[info] >      }, {"user":"    },","metadata":{"emulator":{"name":"functions"},"function":{"name":"us-central1-addUserToGroup"},"extension":{},"message":"\u001b[90m> \u001b[39m     },"}}
[info] >      _backoffSettings: { initialDelayMs: 100, maxDelayMs: 60000, backoffFactor: 1.3 }, {"user":"    _backoffSettings: { initialDelayMs: 100, maxDelayMs: 60000, backoffFactor: 1.3 },","metadata":{"emulator":{"name":"functions"},"function":{"name":"us-central1-addUserToGroup"},"extension":{},"message":"\u001b[90m> \u001b[39m     _backoffSettings: { initialDelayMs: 100, maxDelayMs: 60000, backoffFactor: 1.3 },"}}
[info] >      _clientPool: ClientPool { {"user":"    _clientPool: ClientPool {","metadata":{"emulator":{"name":"functions"},"function":{"name":"us-central1-addUserToGroup"},"extension":{},"message":"\u001b[90m> \u001b[39m     _clientPool: ClientPool {"}}
[info] >        concurrentOperationLimit: 100, {"user":"      concurrentOperationLimit: 100,","metadata":{"emulator":{"name":"functions"},"function":{"name":"us-central1-addUserToGroup"},"extension":{},"message":"\u001b[90m> \u001b[39m       concurrentOperationLimit: 100,"}}
[info] >        maxIdleClients: 1, {"user":"      maxIdleClients: 1,","metadata":{"emulator":{"name":"functions"},"function":{"name":"us-central1-addUserToGroup"},"extension":{},"message":"\u001b[90m> \u001b[39m       maxIdleClients: 1,"}}
[info] >        clientFactory: [Function (anonymous)], {"user":"      clientFactory: [Function (anonymous)],","metadata":{"emulator":{"name":"functions"},"function":{"name":"us-central1-addUserToGroup"},"extension":{},"message":"\u001b[90m> \u001b[39m       clientFactory: [Function (anonymous)],"}}
[info] >        clientDestructor: [Function (anonymous)], {"user":"      clientDestructor: [Function (anonymous)],","metadata":{"emulator":{"name":"functions"},"function":{"name":"us-central1-addUserToGroup"},"extension":{},"message":"\u001b[90m> \u001b[39m       clientDestructor: [Function (anonymous)],"}}
[info] >        grpcEnabled: false, {"user":"      grpcEnabled: false,","metadata":{"emulator":{"name":"functions"},"function":{"name":"us-central1-addUserToGroup"},"extension":{},"message":"\u001b[90m> \u001b[39m       grpcEnabled: false,"}}
[info] >        activeClients: Map(0) {}, {"user":"      activeClients: Map(0) {},","metadata":{"emulator":{"name":"functions"},"function":{"name":"us-central1-addUserToGroup"},"extension":{},"message":"\u001b[90m> \u001b[39m       activeClients: Map(0) {},"}}
[info] >        failedClients: Set(0) {}, {"user":"      failedClients: Set(0) {},","metadata":{"emulator":{"name":"functions"},"function":{"name":"us-central1-addUserToGroup"},"extension":{},"message":"\u001b[90m> \u001b[39m       failedClients: Set(0) {},"}}
[info] >        terminated: false, {"user":"      terminated: false,","metadata":{"emulator":{"name":"functions"},"function":{"name":"us-central1-addUserToGroup"},"extension":{},"message":"\u001b[90m> \u001b[39m       terminated: false,"}}
[info] >        terminateDeferred: [Deferred] {"user":"      terminateDeferred: [Deferred]","metadata":{"emulator":{"name":"functions"},"function":{"name":"us-central1-addUserToGroup"},"extension":{},"message":"\u001b[90m> \u001b[39m       terminateDeferred: [Deferred]"}}
[info] >      } {"user":"    }","metadata":{"emulator":{"name":"functions"},"function":{"name":"us-central1-addUserToGroup"},"extension":{},"message":"\u001b[90m> \u001b[39m     }"}}
[info] >    }, {"user":"  },","metadata":{"emulator":{"name":"functions"},"function":{"name":"us-central1-addUserToGroup"},"extension":{},"message":"\u001b[90m> \u001b[39m   },"}}
[info] >    _path: ResourcePath { {"user":"  _path: ResourcePath {","metadata":{"emulator":{"name":"functions"},"function":{"name":"us-central1-addUserToGroup"},"extension":{},"message":"\u001b[90m> \u001b[39m   _path: ResourcePath {"}}
[info] >      segments: [ 'groupUsers', '42', 'members', '5B83btOKwwcm4MWfOXOsS10dUXp2' ] {"user":"    segments: [ 'groupUsers', '42', 'members', '5B83btOKwwcm4MWfOXOsS10dUXp2' ]","metadata":{"emulator":{"name":"functions"},"function":{"name":"us-central1-addUserToGroup"},"extension":{},"message":"\u001b[90m> \u001b[39m     segments: [ 'groupUsers', '42', 'members', '5B83btOKwwcm4MWfOXOsS10dUXp2' ]"}}
[info] >    }, {"user":"  },","metadata":{"emulator":{"name":"functions"},"function":{"name":"us-central1-addUserToGroup"},"extension":{},"message":"\u001b[90m> \u001b[39m   },"}}
[info] >    _converter: { {"user":"  _converter: {","metadata":{"emulator":{"name":"functions"},"function":{"name":"us-central1-addUserToGroup"},"extension":{},"message":"\u001b[90m> \u001b[39m   _converter: {"}}
[info] >      toFirestore: [Function: toFirestore], {"user":"    toFirestore: [Function: toFirestore],","metadata":{"emulator":{"name":"functions"},"function":{"name":"us-central1-addUserToGroup"},"extension":{},"message":"\u001b[90m> \u001b[39m     toFirestore: [Function: toFirestore],"}}
[info] >      fromFirestore: [Function: fromFirestore] {"user":"    fromFirestore: [Function: fromFirestore]","metadata":{"emulator":{"name":"functions"},"function":{"name":"us-central1-addUserToGroup"},"extension":{},"message":"\u001b[90m> \u001b[39m     fromFirestore: [Function: fromFirestore]"}}
[info] >    } {"user":"  }","metadata":{"emulator":{"name":"functions"},"function":{"name":"us-central1-addUserToGroup"},"extension":{},"message":"\u001b[90m> \u001b[39m   }"}}
[info] >  } {"user":"}","metadata":{"emulator":{"name":"functions"},"function":{"name":"us-central1-addUserToGroup"},"extension":{},"message":"\u001b[90m> \u001b[39m }"}}
[warn] !  Google API requested!
   - URL: "https://oauth2.googleapis.com/token"
   - Be careful, this may be a production service. {"metadata":{"emulator":{"name":"functions"},"function":{"name":"us-central1-addUserToGroup"},"extension":{},"message":"Google API requested!\n   - URL: \"https://oauth2.googleapis.com/token\"\n   - Be careful, this may be a production service."}}
[debug] [2025-10-28T17:23:24.284Z] Finishing up request with event=pause {"metadata":{"emulator":{"name":"functions"},"function":{"name":"us-central1-addUserToGroup"},"extension":{},"message":"Finishing up request with event=pause"}}
[info] i  functions: Finished "us-central1-addUserToGroup" in 939.0954ms {"metadata":{"emulator":{"name":"functions"},"function":{"name":"us-central1-addUserToGroup"},"extension":{},"message":"Finished \"us-central1-addUserToGroup\" in 939.0954ms"}}
[debug] [2025-10-28T17:23:24.287Z] [worker-us-central1-addUserToGroup-6fa5a204-89be-4ff7-a609-5561e049f100]: IDLE {"metadata":{"emulator":{"name":"functions"},"function":{"name":"us-central1-addUserToGroup"},"extension":{},"message":"[worker-us-central1-addUserToGroup-6fa5a204-89be-4ff7-a609-5561e049f100]: IDLE"}}
[debug] [2025-10-28T17:23:24.288Z] Finishing up request with event=finish {"metadata":{"emulator":{"name":"functions"},"function":{"name":"us-central1-addUserToGroup"},"extension":{},"message":"Finishing up request with event=finish"}}
[debug] [2025-10-28T17:23:24.288Z] Finishing up request with event=close {"metadata":{"emulator":{"name":"functions"},"function":{"name":"us-central1-addUserToGroup"},"extension":{},"message":"Finishing up request with event=close"}}
[debug] [2025-10-28T17:23:24.289Z] [work-queue] {"queuedWork":[],"queueLength":0,"runningWork":[],"workRunningCount":0}
[debug] [2025-10-28T17:30:31.117Z] [work-queue] {"queuedWork":["/player-ratings-ef06c/us-central1/createUserDoc-2025-10-28T17:30:31.117Z"],"queueLength":1,"runningWork":[],"workRunningCount":0}
[debug] [2025-10-28T17:30:31.117Z] [work-queue] {"queuedWork":[],"queueLength":0,"runningWork":["/player-ratings-ef06c/us-central1/createUserDoc-2025-10-28T17:30:31.117Z"],"workRunningCount":1}
[debug] [2025-10-28T17:30:31.118Z] Accepted request OPTIONS /player-ratings-ef06c/us-central1/createUserDoc --> us-central1-createUserDoc
[debug] [2025-10-28T17:30:31.122Z] [functions] Runtime ready! Sending request! {"metadata":{"emulator":{"name":"functions"},"message":"[functions] Runtime ready! Sending request!"}}
[debug] [2025-10-28T17:30:31.122Z] [functions] Got req.url=/player-ratings-ef06c/us-central1/createUserDoc, mapping to path=/ {"metadata":{"emulator":{"name":"functions"},"message":"[functions] Got req.url=/player-ratings-ef06c/us-central1/createUserDoc, mapping to path=/"}}
[debug] [2025-10-28T17:30:31.122Z] [worker-pool] submitRequest(triggerId=us-central1-createUserDoc) {"metadata":{"emulator":{"name":"functions"},"message":"[worker-pool] submitRequest(triggerId=us-central1-createUserDoc)"}}
[info] i  functions: Beginning execution of "us-central1-createUserDoc" {"metadata":{"emulator":{"name":"functions"},"function":{"name":"us-central1-createUserDoc"},"extension":{},"message":"Beginning execution of \"us-central1-createUserDoc\""}}
[debug] [2025-10-28T17:30:31.123Z] [worker-us-central1-createUserDoc-b38f8a5c-046c-465b-9781-e6bf79f47876]: BUSY {"metadata":{"emulator":{"name":"functions"},"function":{"name":"us-central1-createUserDoc"},"extension":{},"message":"[worker-us-central1-createUserDoc-b38f8a5c-046c-465b-9781-e6bf79f47876]: BUSY"}}
[debug] [2025-10-28T17:30:31.126Z] Finishing up request with event=pause {"metadata":{"emulator":{"name":"functions"},"function":{"name":"us-central1-createUserDoc"},"extension":{},"message":"Finishing up request with event=pause"}}
[info] i  functions: Finished "us-central1-createUserDoc" in 3.7137ms {"metadata":{"emulator":{"name":"functions"},"function":{"name":"us-central1-createUserDoc"},"extension":{},"message":"Finished \"us-central1-createUserDoc\" in 3.7137ms"}}
[debug] [2025-10-28T17:30:31.127Z] [worker-us-central1-createUserDoc-b38f8a5c-046c-465b-9781-e6bf79f47876]: IDLE {"metadata":{"emulator":{"name":"functions"},"function":{"name":"us-central1-createUserDoc"},"extension":{},"message":"[worker-us-central1-createUserDoc-b38f8a5c-046c-465b-9781-e6bf79f47876]: IDLE"}}
[debug] [2025-10-28T17:30:31.127Z] Finishing up request with event=finish {"metadata":{"emulator":{"name":"functions"},"function":{"name":"us-central1-createUserDoc"},"extension":{},"message":"Finishing up request with event=finish"}}
[debug] [2025-10-28T17:30:31.127Z] Finishing up request with event=close {"metadata":{"emulator":{"name":"functions"},"function":{"name":"us-central1-createUserDoc"},"extension":{},"message":"Finishing up request with event=close"}}
[debug] [2025-10-28T17:30:31.127Z] [work-queue] {"queuedWork":[],"queueLength":0,"runningWork":[],"workRunningCount":0}
[debug] [2025-10-28T17:30:31.128Z] [work-queue] {"queuedWork":["/player-ratings-ef06c/us-central1/createUserDoc-2025-10-28T17:30:31.128Z"],"queueLength":1,"runningWork":[],"workRunningCount":0}
[debug] [2025-10-28T17:30:31.128Z] [work-queue] {"queuedWork":[],"queueLength":0,"runningWork":["/player-ratings-ef06c/us-central1/createUserDoc-2025-10-28T17:30:31.128Z"],"workRunningCount":1}
[debug] [2025-10-28T17:30:31.128Z] Accepted request POST /player-ratings-ef06c/us-central1/createUserDoc --> us-central1-createUserDoc
[debug] [2025-10-28T17:30:31.132Z] [functions] Runtime ready! Sending request! {"metadata":{"emulator":{"name":"functions"},"message":"[functions] Runtime ready! Sending request!"}}
[debug] [2025-10-28T17:30:31.133Z] [functions] Got req.url=/player-ratings-ef06c/us-central1/createUserDoc, mapping to path=/ {"metadata":{"emulator":{"name":"functions"},"message":"[functions] Got req.url=/player-ratings-ef06c/us-central1/createUserDoc, mapping to path=/"}}
[debug] [2025-10-28T17:30:31.133Z] [worker-pool] submitRequest(triggerId=us-central1-createUserDoc) {"metadata":{"emulator":{"name":"functions"},"message":"[worker-pool] submitRequest(triggerId=us-central1-createUserDoc)"}}
[info] i  functions: Beginning execution of "us-central1-createUserDoc" {"metadata":{"emulator":{"name":"functions"},"function":{"name":"us-central1-createUserDoc"},"extension":{},"message":"Beginning execution of \"us-central1-createUserDoc\""}}
[debug] [2025-10-28T17:30:31.134Z] [worker-us-central1-createUserDoc-b38f8a5c-046c-465b-9781-e6bf79f47876]: BUSY {"metadata":{"emulator":{"name":"functions"},"function":{"name":"us-central1-createUserDoc"},"extension":{},"message":"[worker-us-central1-createUserDoc-b38f8a5c-046c-465b-9781-e6bf79f47876]: BUSY"}}
[info] >  {"verifications":{"app":"MISSING","auth":"VALID"},"logging.googleapis.com/labels":{"firebase-log-type":"callable-request-verification"},"severity":"DEBUG","message":"Callable request verification passed"} {"user":{"verifications":{"app":"MISSING","auth":"VALID"},"logging.googleapis.com/labels":{"firebase-log-type":"callable-request-verification"},"severity":"DEBUG","message":"Callable request verification passed"},"metadata":{"emulator":{"name":"functions"},"function":{"name":"us-central1-createUserDoc"},"extension":{},"message":"\u001b[90m> \u001b[39m {\"verifications\":{\"app\":\"MISSING\",\"auth\":\"VALID\"},\"logging.googleapis.com/labels\":{\"firebase-log-type\":\"callable-request-verification\"},\"severity\":\"DEBUG\",\"message\":\"Callable request verification passed\"}"}}
[debug] [2025-10-28T17:30:31.256Z] Finishing up request with event=pause {"metadata":{"emulator":{"name":"functions"},"function":{"name":"us-central1-createUserDoc"},"extension":{},"message":"Finishing up request with event=pause"}}
[info] i  functions: Finished "us-central1-createUserDoc" in 122.7538ms {"metadata":{"emulator":{"name":"functions"},"function":{"name":"us-central1-createUserDoc"},"extension":{},"message":"Finished \"us-central1-createUserDoc\" in 122.7538ms"}}
[debug] [2025-10-28T17:30:31.257Z] [worker-us-central1-createUserDoc-b38f8a5c-046c-465b-9781-e6bf79f47876]: IDLE {"metadata":{"emulator":{"name":"functions"},"function":{"name":"us-central1-createUserDoc"},"extension":{},"message":"[worker-us-central1-createUserDoc-b38f8a5c-046c-465b-9781-e6bf79f47876]: IDLE"}}
[debug] [2025-10-28T17:30:31.257Z] Finishing up request with event=finish {"metadata":{"emulator":{"name":"functions"},"function":{"name":"us-central1-createUserDoc"},"extension":{},"message":"Finishing up request with event=finish"}}
[debug] [2025-10-28T17:30:31.257Z] Finishing up request with event=close {"metadata":{"emulator":{"name":"functions"},"function":{"name":"us-central1-createUserDoc"},"extension":{},"message":"Finishing up request with event=close"}}
[debug] [2025-10-28T17:30:31.258Z] [work-queue] {"queuedWork":[],"queueLength":0,"runningWork":[],"workRunningCount":0}
